android/app/build/outputs/mapping/release/seeds.txt
com.feedback.MainActivity
com.feedback.MainActivity: MainActivity()
com.feedback.MainApplication
com.feedback.MainApplication: MainApplication()
com.feedback.R$anim: int abc_fade_in
com.feedback.R$anim: int abc_fade_out
com.feedback.R$anim: int abc_grow_fade_in_from_bottom
com.feedback.R$anim: int abc_popup_enter
com.feedback.R$anim: int abc_popup_exit
com.feedback.R$anim: int abc_shrink_fade_out_from_bottom
com.feedback.R$anim: int abc_slide_in_bottom
com.feedback.R$anim: int abc_slide_in_top
com.feedback.R$anim: int abc_slide_out_bottom
com.feedback.R$anim: int abc_slide_out_top
com.feedback.R$anim: int abc_tooltip_enter
com.feedback.R$anim: int abc_tooltip_exit
com.feedback.R$anim: int catalyst_fade_in
com.feedback.R$anim: int catalyst_fade_out
com.feedback.R$anim: int catalyst_push_up_in
com.feedback.R$anim: int catalyst_push_up_out
com.feedback.R$anim: int catalyst_slide_down
com.feedback.R$anim: int catalyst_slide_up
com.feedback.R$attr: int actionBarDivider
com.feedback.R$attr: int actionBarItemBackground
com.feedback.R$attr: int actionBarPopupTheme
com.feedback.R$attr: int actionBarSize
com.feedback.R$attr: int actionBarSplitStyle
com.feedback.R$attr: int actionBarStyle
com.feedback.R$attr: int actionBarTabBarStyle
com.feedback.R$attr: int actionBarTabStyle
com.feedback.R$attr: int actionBarTabTextStyle
com.feedback.R$attr: int actionBarTheme
com.feedback.R$attr: int actionBarWidgetTheme
com.feedback.R$attr: int actionButtonStyle
com.feedback.R$attr: int actionDropDownStyle
com.feedback.R$attr: int actionLayout
com.feedback.R$attr: int actionMenuTextAppearance
com.feedback.R$attr: int actionMenuTextColor
com.feedback.R$attr: int actionModeBackground
com.feedback.R$attr: int actionModeCloseButtonStyle
com.feedback.R$attr: int actionModeCloseDrawable
com.feedback.R$attr: int actionModeCopyDrawable
com.feedback.R$attr: int actionModeCutDrawable
com.feedback.R$attr: int actionModeFindDrawable
com.feedback.R$attr: int actionModePasteDrawable
com.feedback.R$attr: int actionModePopupWindowStyle
com.feedback.R$attr: int actionModeSelectAllDrawable
com.feedback.R$attr: int actionModeShareDrawable
com.feedback.R$attr: int actionModeSplitBackground
com.feedback.R$attr: int actionModeStyle
com.feedback.R$attr: int actionModeWebSearchDrawable
com.feedback.R$attr: int actionOverflowButtonStyle
com.feedback.R$attr: int actionOverflowMenuStyle
com.feedback.R$attr: int actionProviderClass
com.feedback.R$bool: int abc_action_bar_embed_tabs
com.feedback.R$bool: int abc_allow_stacked_button_bar
com.feedback.R$bool: int abc_config_actionMenuItemAllCaps
...
com.google.android.gms.internal.clearcut.zzt$zza$zzc: com.google.android.gms.internal.clearcut.zzt$zza$zzc[] values()
com.google.android.gms.internal.clearcut.zzt$zza$zzd: com.google.android.gms.internal.clearcut.zzt$zza$zzd[] values()
com.google.android.gms.internal.flags.zzb: android.os.IBinder asBinder()
com.google.android.gms.internal.flags.zzb: boolean onTransact(int,android.os.Parcel,android.os.Parcel,int)
com.google.android.gms.internal.vision.zzae: android.os.Parcelable$Creator CREATOR
com.google.android.gms.internal.vision.zzag: android.os.Parcelable$Creator CREATOR
com.google.android.gms.internal.vision.zzai: android.os.Parcelable$Creator CREATOR
com.google.android.gms.internal.vision.zzal: android.os.Parcelable$Creator CREATOR
com.google.android.gms.internal.vision.zzan: android.os.Parcelable$Creator CREATOR
com.google.android.gms.internal.vision.zzcz$zza: int zzbg
com.google.android.gms.internal.vision.zzcz$zza: int zzlx
com.google.android.gms.internal.vision.zzcz$zza: int zzly
com.google.android.gms.internal.vision.zzcz$zza: java.lang.String zzlz
com.google.android.gms.internal.vision.zzcz$zza: com.google.android.gms.internal.vision.zzcz$zza zzma
com.google.android.gms.internal.vision.zzcz$zza: com.google.android.gms.internal.vision.zzhq zzbf
com.google.android.gms.internal.vision.zzcz$zzb: com.google.android.gms.internal.vision.zzge zzmb
com.google.android.gms.internal.vision.zzcz$zzb: com.google.android.gms.internal.vision.zzcz$zzb zzmc
com.google.android.gms.internal.vision.zzcz$zzb: com.google.android.gms.internal.vision.zzhq zzbf
com.google.android.gms.internal.vision.zzcz$zzc: int zzbg
com.google.android.gms.internal.vision.zzcz$zzc: java.lang.String zzmd
com.google.android.gms.internal.vision.zzcz$zzc: boolean zzme
com.google.android.gms.internal.vision.zzcz$zzc: int zzmf
com.google.android.gms.internal.vision.zzcz$zzc: long zzmg
com.google.android.gms.internal.vision.zzcz$zzc: long zzmh
com.google.android.gms.internal.vision.zzcz$zzc: long zzmi
com.google.android.gms.internal.vision.zzcz$zzc: java.lang.String zzmj
com.google.android.gms.internal.vision.zzcz$zzc: com.google.android.gms.internal.vision.zzcz$zzc zzmk
com.google.android.gms.internal.vision.zzcz$zzc: com.google.android.gms.internal.vision.zzhq zzbf
com.google.android.gms.internal.vision.zzcz$zzc$zzb: com.google.android.gms.internal.vision.zzcz$zzc$zzb[] values()
com.google.android.gms.internal.vision.zzcz$zzd: int zzbg
com.google.android.gms.internal.vision.zzcz$zzd: java.lang.String zzmq
com.google.android.gms.internal.vision.zzcz$zzd: java.lang.String zzmr
com.google.android.gms.internal.vision.zzcz$zzd: com.google.android.gms.internal.vision.zzge zzms
com.google.android.gms.internal.vision.zzcz$zzd: int zzmt
com.google.android.gms.internal.vision.zzcz$zzd: java.lang.String zzmu
com.google.android.gms.internal.vision.zzcz$zzd: long zzmv
com.google.android.gms.internal.vision.zzcz$zzd: long zzmw
com.google.android.gms.internal.vision.zzcz$zzd: com.google.android.gms.internal.vision.zzge zzmx
com.google.android.gms.internal.vision.zzcz$zzd: com.google.android.gms.internal.vision.zzcz$zzd zzmy
com.google.android.gms.internal.vision.zzcz$zzd: com.google.android.gms.internal.vision.zzhq zzbf
com.google.android.gms.internal.vision.zzcz$zzd$zzb: com.google.android.gms.internal.vision.zzcz$zzd$zzb[] values()
com.google.android.gms.internal.vision.zzcz$zze: int zzbg
com.google.android.gms.internal.vision.zzcz$zze: float zzne
com.google.android.gms.internal.vision.zzcz$zze: float zznf
com.google.android.gms.internal.vision.zzcz$zze: float zzng
com.google.android.gms.internal.vision.zzcz$zze: float zznh
com.google.android.gms.internal.vision.zzcz$zze: float zzni
com.google.android.gms.internal.vision.zzcz$zze: float zznj
com.google.android.gms.internal.vision.zzcz$zze: com.google.android.gms.internal.vision.zzcz$zze zznk
com.google.android.gms.internal.vision.zzcz$zze: com.google.android.gms.internal.vision.zzhq zzbf