android/app/build/outputs/mapping/release/mapping.txt
com.feedback.MainActivity -> com.feedback.MainActivity:
    void <init>() -> <init>
    java.lang.String getMainComponentName() -> a
com.feedback.MainApplication -> com.feedback.MainApplication:
    com.facebook.react.ReactNativeHost mReactNativeHost -> a
    void <init>() -> <init>
    com.facebook.react.ReactNativeHost getReactNativeHost() -> a
    void onCreate() -> onCreate
com.feedback.MainApplication$1 -> com.feedback.MainApplication$1:
    com.feedback.MainApplication this$0 -> a
    void <init>(com.feedback.MainApplication,android.app.Application) -> <init>
    boolean getUseDeveloperSupport() -> k
    java.util.List getPackages() -> l
    java.lang.String getJSMainModuleName() -> h
...
com.facebook.react.modules.location.LocationModule$SingleUpdateRequest$1 -> com.facebook.react.modules.location.LocationModule$b$1:
    com.facebook.react.modules.location.LocationModule$SingleUpdateRequest this$0 -> a
    void <init>(com.facebook.react.modules.location.LocationModule$SingleUpdateRequest) -> <init>
    void run() -> run
com.facebook.react.modules.location.LocationModule$SingleUpdateRequest$2 -> com.facebook.react.modules.location.LocationModule$b$2:
    com.facebook.react.modules.location.LocationModule$SingleUpdateRequest this$0 -> a
    void <init>(com.facebook.react.modules.location.LocationModule$SingleUpdateRequest) -> <init>
    void onLocationChanged(android.location.Location) -> onLocationChanged
    void onStatusChanged(java.lang.String,int,android.os.Bundle) -> onStatusChanged
    void onProviderEnabled(java.lang.String) -> onProviderEnabled
    void onProviderDisabled(java.lang.String) -> onProviderDisabled
com.facebook.react.modules.location.PositionError -> com.facebook.react.modules.location.a:
    int PERMISSION_DENIED -> a
    int POSITION_UNAVAILABLE -> b
    int TIMEOUT -> c
    com.facebook.react.bridge.WritableMap buildError(int,java.lang.String) -> a
    void <clinit>() -> <clinit>
com.facebook.react.modules.netinfo.NetInfoModule -> com.facebook.react.modules.netinfo.NetInfoModule:
    java.lang.String CONNECTION_TYPE_BLUETOOTH -> CONNECTION_TYPE_BLUETOOTH
    java.lang.String CONNECTION_TYPE_CELLULAR -> CONNECTION_TYPE_CELLULAR
    java.lang.String CONNECTION_TYPE_ETHERNET -> CONNECTION_TYPE_ETHERNET
    java.lang.String CONNECTION_TYPE_NONE -> CONNECTION_TYPE_NONE
    java.lang.String CONNECTION_TYPE_UNKNOWN -> CONNECTION_TYPE_UNKNOWN
    java.lang.String CONNECTION_TYPE_WIFI -> CONNECTION_TYPE_WIFI
    java.lang.String CONNECTION_TYPE_WIMAX -> CONNECTION_TYPE_WIMAX
    java.lang.String EFFECTIVE_CONNECTION_TYPE_UNKNOWN -> EFFECTIVE_CONNECTION_TYPE_UNKNOWN
    java.lang.String EFFECTIVE_CONNECTION_TYPE_2G -> EFFECTIVE_CONNECTION_TYPE_2G
    java.lang.String EFFECTIVE_CONNECTION_TYPE_3G -> EFFECTIVE_CONNECTION_TYPE_3G
    java.lang.String EFFECTIVE_CONNECTION_TYPE_4G -> EFFECTIVE_CONNECTION_TYPE_4G
    java.lang.String CONNECTION_TYPE_NONE_DEPRECATED -> CONNECTION_TYPE_NONE_DEPRECATED
    java.lang.String CONNECTION_TYPE_UNKNOWN_DEPRECATED -> CONNECTION_TYPE_UNKNOWN_DEPRECATED
    java.lang.String MISSING_PERMISSION_MESSAGE -> MISSING_PERMISSION_MESSAGE
    java.lang.String ERROR_MISSING_PERMISSION -> ERROR_MISSING_PERMISSION
    java.lang.String NAME -> NAME
    android.net.ConnectivityManager mConnectivityManager -> mConnectivityManager
com.facebook.react.modules.netinfo.NetInfoModule$1 -> com.facebook.react.modules.netinfo.NetInfoModule$1:
com.facebook.react.modules.netinfo.NetInfoModule$ConnectivityBroadcastReceiver -> com.facebook.react.modules.netinfo.NetInfoModule$a:
    boolean isRegistered -> b
    com.facebook.react.modules.netinfo.NetInfoModule this$0 -> a
    void <init>(com.facebook.react.modules.netinfo.NetInfoModule) -> <init>
    void setRegistered(boolean) -> a
    boolean isRegistered() -> a
    void onReceive(android.content.Context,android.content.Intent) -> onReceive
    void <init>(com.facebook.react.modules.netinfo.NetInfoModule,com.facebook.react.modules.netinfo.NetInfoModule$1) -> <init>
com.facebook.react.modules.network.CookieJarContainer -> com.facebook.react.modules.network.a:
    void setCookieJar(okhttp3.CookieJar) -> a
    void removeCookieJar() -> a
com.facebook.react.modules.network.CountingOutputStream -> com.facebook.react.modules.network.b:
    long mCount -> a
    void <init>(java.io.OutputStream) -> <init>
    long getCount() -> a
    void write(byte[],int,int) -> write
    void write(int) -> write
    void close() -> close