android/app/build/outputs/mapping/release/usage.txt
com.feedback.BuildConfig
com.feedback.R
com.feedback.R$anim
com.feedback.R$attr
com.feedback.R$bool
com.feedback.R$color
com.feedback.R$dimen
com.feedback.R$drawable
com.feedback.R$id
com.feedback.R$integer
com.feedback.R$layout
com.feedback.R$mipmap
com.feedback.R$string
com.feedback.R$style
com.feedback.R$styleable
com.feedback.R$xml
...
android.support.v4.content.LocalBroadcastManager$1
android.support.v4.content.LocalBroadcastManager$BroadcastRecord
android.support.v4.content.LocalBroadcastManager$ReceiverRecord
android.support.v4.content.MimeTypeFilter
android.support.v4.content.ModernAsyncTask
android.support.v4.content.ModernAsyncTask$1
android.support.v4.content.ModernAsyncTask$2
android.support.v4.content.ModernAsyncTask$3
android.support.v4.content.ModernAsyncTask$4
android.support.v4.content.ModernAsyncTask$AsyncTaskResult
android.support.v4.content.ModernAsyncTask$InternalHandler
android.support.v4.content.ModernAsyncTask$Status
android.support.v4.content.ModernAsyncTask$WorkerRunnable
android.support.v4.content.PermissionChecker:
    public static final int PERMISSION_GRANTED
    public static final int PERMISSION_DENIED
    public static final int PERMISSION_DENIED_APP_OP
    77:79:private PermissionChecker()
    134:135:public static int checkSelfPermission(android.content.Context,java.lang.String)
    152:156:public static int checkCallingPermission(android.content.Context,java.lang.String,java.lang.String)
android.support.v4.content.PermissionChecker$PermissionResult
android.support.v4.content.SharedPreferencesCompat
android.support.v4.content.SharedPreferencesCompat$EditorCompat
android.support.v4.content.SharedPreferencesCompat$EditorCompat$Helper
android.support.v4.content.WakefulBroadcastReceiver
android.support.v4.content.pm.ActivityInfoCompat
android.support.v4.content.pm.PackageInfoCompat
android.support.v4.content.pm.PermissionInfoCompat
android.support.v4.content.pm.PermissionInfoCompat$Protection
android.support.v4.content.pm.PermissionInfoCompat$ProtectionFlags
android.support.v4.content.pm.ShortcutInfoCompat
android.support.v4.content.pm.ShortcutInfoCompat$Builder
android.support.v4.content.pm.ShortcutManagerCompat
android.support.v4.content.pm.ShortcutManagerCompat$1
android.support.v4.content.res.ColorStateListInflaterCompat:
    private static final int DEFAULT_COLOR
    49:50:private ColorStateListInflaterCompat()
android.support.v4.content.res.ComplexColorCompat:
    private static final java.lang.String LOG_TAG
android.support.v4.content.res.ConfigurationHelper
android.support.v4.content.res.FontResourcesParserCompat:
    private static final int NORMAL_WEIGHT
    private static final int ITALIC
    public static final int FETCH_STRATEGY_BLOCKING
    public static final int FETCH_STRATEGY_ASYNC
    public static final int INFINITE_TIMEOUT_VALUE
    private static final int DEFAULT_TIMEOUT_MILLIS
    331:332:private FontResourcesParserCompat()
android.support.v4.content.res.FontResourcesParserCompat$FetchStrategy
android.support.v4.content.res.GradientColorInflaterCompat:
    private static final int TILE_MODE_CLAMP
    private static final int TILE_MODE_REPEAT
    private static final int TILE_MODE_MIRROR
    66:67:private GradientColorInflaterCompat()
    71:83:static android.graphics.Shader createFromXml(android.content.res.Resources,org.xmlpull.v1.XmlPullParser,android.content.res.Resources$Theme)
android.support.v4.content.res.GrowingArrayUtils:
    72:80:public static long[] append(long[],int,long)
    87:95:public static boolean[] append(boolean[],int,boolean)
    110:123:public static java.lang.Object[] insert(java.lang.Object[],int,int,java.lang.Object)
    130:142:public static int[] insert(int[],int,int,int)
    149:161:public static long[] insert(long[],int,int,long)
    168:180:public static boolean[] insert(boolean[],int,int,boolean)